# JRE version: Java(TM) SE Runtime Environment (8.0_91-b14) (build 1.8.0_91-b14)
# Java VM: Java HotSpot(TM) 64-Bit Server VM (25.91-b14 mixed mode windows-amd64 compressed oops)
Heap:
 PSYoungGen      total 243200K, used 74432K [0x00000000d5c00000, 0x00000000e9000000, 0x0000000100000000)
  eden space 215040K, 30% used [0x00000000d5c00000,0x00000000d9c52528,0x00000000e2e00000)
  from space 28160K, 30% used [0x00000000e2e00000,0x00000000e365ddf0,0x00000000e4980000)
  to   space 27136K, 0% used [0x00000000e7580000,0x00000000e7580000,0x00000000e9000000)
 ParOldGen       total 158208K, used 63532K [0x0000000081400000, 0x000000008ae80000, 0x00000000d5c00000)
  object space 158208K, 40% used [0x0000000081400000,0x000000008520b250,0x000000008ae80000)
 Metaspace       used 29457K, capacity 29709K, committed 30080K, reserved 1075200K
  class space    used 3621K, capacity 3698K, committed 3712K, reserved 1048576K
GC Heap History (10 events):
Event: 11.627 GC heap before
{Heap before GC invocations=16 (full 2):
 PSYoungGen      total 150528K, used 150506K [0x00000000d5c00000, 0x00000000e3000000, 0x0000000100000000)
  eden space 141824K, 100% used [0x00000000d5c00000,0x00000000de680000,0x00000000de680000)
  from space 8704K, 99% used [0x00000000de680000,0x00000000deefa920,0x00000000def00000)
  to   space 16384K, 0% used [0x00000000e2000000,0x00000000e2000000,0x00000000e3000000)
 ParOldGen       total 84480K, used 45526K [0x0000000081400000, 0x0000000086680000, 0x00000000d5c00000)
  object space 84480K, 53% used [0x0000000081400000,0x0000000084075a90,0x0000000086680000)
 Metaspace       used 24891K, capacity 25095K, committed 25472K, reserved 1071104K
  class space    used 3058K, capacity 3144K, committed 3200K, reserved 1048576K
Event: 11.661 GC heap after
Heap after GC invocations=16 (full 2):
 PSYoungGen      total 190464K, used 16377K [0x00000000d5c00000, 0x00000000e4580000, 0x0000000100000000)
  eden space 174080K, 0% used [0x00000000d5c00000,0x00000000d5c00000,0x00000000e0600000)
  from space 16384K, 99% used [0x00000000e2000000,0x00000000e2ffe498,0x00000000e3000000)
  to   space 26624K, 0% used [0x00000000e0600000,0x00000000e0600000,0x00000000e2000000)
 ParOldGen       total 84480K, used 66485K [0x0000000081400000, 0x0000000086680000, 0x00000000d5c00000)
  object space 84480K, 78% used [0x0000000081400000,0x00000000854ed718,0x0000000086680000)
 Metaspace       used 24891K, capacity 25095K, committed 25472K, reserved 1071104K
  class space    used 3058K, capacity 3144K, committed 3200K, reserved 1048576K
}
Event: 13.337 GC heap before
{Heap before GC invocations=17 (full 2):
 PSYoungGen      total 190464K, used 190457K [0x00000000d5c00000, 0x00000000e4580000, 0x0000000100000000)
  eden space 174080K, 100% used [0x00000000d5c00000,0x00000000e0600000,0x00000000e0600000)
  from space 16384K, 99% used [0x00000000e2000000,0x00000000e2ffe498,0x00000000e3000000)
  to   space 26624K, 0% used [0x00000000e0600000,0x00000000e0600000,0x00000000e2000000)
 ParOldGen       total 84480K, used 66485K [0x0000000081400000, 0x0000000086680000, 0x00000000d5c00000)
  object space 84480K, 78% used [0x0000000081400000,0x00000000854ed718,0x0000000086680000)
 Metaspace       used 26660K, capacity 26893K, committed 27264K, reserved 1073152K
  class space    used 3302K, capacity 3401K, committed 3456K, reserved 1048576K
Event: 13.362 GC heap after
Heap after GC invocations=17 (full 2):
 PSYoungGen      total 200704K, used 21887K [0x00000000d5c00000, 0x00000000e7300000, 0x0000000100000000)
  eden space 174080K, 0% used [0x00000000d5c00000,0x00000000d5c00000,0x00000000e0600000)
  from space 26624K, 82% used [0x00000000e0600000,0x00000000e1b5fd00,0x00000000e2000000)
  to   space 29184K, 0% used [0x00000000e5680000,0x00000000e5680000,0x00000000e7300000)
 ParOldGen       total 84480K, used 75209K [0x0000000081400000, 0x0000000086680000, 0x00000000d5c00000)
  object space 84480K, 89% used [0x0000000081400000,0x0000000085d72400,0x0000000086680000)
 Metaspace       used 26660K, capacity 26893K, committed 27264K, reserved 1073152K
  class space    used 3302K, capacity 3401K, committed 3456K, reserved 1048576K
}
Event: 13.362 GC heap before
{Heap before GC invocations=18 (full 3):
 PSYoungGen      total 200704K, used 21887K [0x00000000d5c00000, 0x00000000e7300000, 0x0000000100000000)
  eden space 174080K, 0% used [0x00000000d5c00000,0x00000000d5c00000,0x00000000e0600000)
  from space 26624K, 82% used [0x00000000e0600000,0x00000000e1b5fd00,0x00000000e2000000)
  to   space 29184K, 0% used [0x00000000e5680000,0x00000000e5680000,0x00000000e7300000)
 ParOldGen       total 84480K, used 75209K [0x0000000081400000, 0x0000000086680000, 0x00000000d5c00000)
  object space 84480K, 89% used [0x0000000081400000,0x0000000085d72400,0x0000000086680000)
 Metaspace       used 26660K, capacity 26893K, committed 27264K, reserved 1073152K
  class space    used 3302K, capacity 3401K, committed 3456K, reserved 1048576K
Event: 13.525 GC heap after
Heap after GC invocations=18 (full 3):
 PSYoungGen      total 200704K, used 0K [0x00000000d5c00000, 0x00000000e7300000, 0x0000000100000000)
  eden space 174080K, 0% used [0x00000000d5c00000,0x00000000d5c00000,0x00000000e0600000)
  from space 26624K, 0% used [0x00000000e0600000,0x00000000e0600000,0x00000000e2000000)
  to   space 29184K, 0% used [0x00000000e5680000,0x00000000e5680000,0x00000000e7300000)
 ParOldGen       total 158208K, used 63516K [0x0000000081400000, 0x000000008ae80000, 0x00000000d5c00000)
  object space 158208K, 40% used [0x0000000081400000,0x0000000085207250,0x000000008ae80000)
 Metaspace       used 26660K, capacity 26893K, committed 27264K, reserved 1073152K
  class space    used 3302K, capacity 3401K, committed 3456K, reserved 1048576K
}
Event: 17.689 GC heap before
{Heap before GC invocations=19 (full 3):
 PSYoungGen      total 200704K, used 174080K [0x00000000d5c00000, 0x00000000e7300000, 0x0000000100000000)
  eden space 174080K, 100% used [0x00000000d5c00000,0x00000000e0600000,0x00000000e0600000)
  from space 26624K, 0% used [0x00000000e0600000,0x00000000e0600000,0x00000000e2000000)
  to   space 29184K, 0% used [0x00000000e5680000,0x00000000e5680000,0x00000000e7300000)
 ParOldGen       total 158208K, used 63516K [0x0000000081400000, 0x000000008ae80000, 0x00000000d5c00000)
  object space 158208K, 40% used [0x0000000081400000,0x0000000085207250,0x000000008ae80000)
 Metaspace       used 28610K, capacity 28845K, committed 29312K, reserved 1075200K
  class space    used 3525K, capacity 3602K, committed 3712K, reserved 1048576K
Event: 17.695 GC heap after
Heap after GC invocations=19 (full 3):
 PSYoungGen      total 229888K, used 5914K [0x00000000d5c00000, 0x00000000e6500000, 0x0000000100000000)
  eden space 215040K, 0% used [0x00000000d5c00000,0x00000000d5c00000,0x00000000e2e00000)
  from space 14848K, 39% used [0x00000000e5680000,0x00000000e5c46910,0x00000000e6500000)
  to   space 28160K, 0% used [0x00000000e2e00000,0x00000000e2e00000,0x00000000e4980000)
 ParOldGen       total 158208K, used 63524K [0x0000000081400000, 0x000000008ae80000, 0x00000000d5c00000)
  object space 158208K, 40% used [0x0000000081400000,0x0000000085209250,0x000000008ae80000)
 Metaspace       used 28610K, capacity 28845K, committed 29312K, reserved 1075200K
  class space    used 3525K, capacity 3602K, committed 3712K, reserved 1048576K
}
Event: 19.024 GC heap before
{Heap before GC invocations=20 (full 3):
 PSYoungGen      total 229888K, used 207953K [0x00000000d5c00000, 0x00000000e6500000, 0x0000000100000000)
  eden space 215040K, 93% used [0x00000000d5c00000,0x00000000e214de40,0x00000000e2e00000)
  from space 14848K, 39% used [0x00000000e5680000,0x00000000e5c46910,0x00000000e6500000)
  to   space 28160K, 0% used [0x00000000e2e00000,0x00000000e2e00000,0x00000000e4980000)
 ParOldGen       total 158208K, used 63524K [0x0000000081400000, 0x000000008ae80000, 0x00000000d5c00000)
  object space 158208K, 40% used [0x0000000081400000,0x0000000085209250,0x000000008ae80000)
 Metaspace       used 29425K, capacity 29645K, committed 30080K, reserved 1075200K
  class space    used 3621K, capacity 3698K, committed 3712K, reserved 1048576K
Event: 19.032 GC heap after
Heap after GC invocations=20 (full 3):
 PSYoungGen      total 243200K, used 8567K [0x00000000d5c00000, 0x00000000e9000000, 0x0000000100000000)
  eden space 215040K, 0% used [0x00000000d5c00000,0x00000000d5c00000,0x00000000e2e00000)
  from space 28160K, 30% used [0x00000000e2e00000,0x00000000e365ddf0,0x00000000e4980000)
  to   space 27136K, 0% used [0x00000000e7580000,0x00000000e7580000,0x00000000e9000000)
 ParOldGen       total 158208K, used 63532K [0x0000000081400000, 0x000000008ae80000, 0x00000000d5c00000)
  object space 158208K, 40% used [0x0000000081400000,0x000000008520b250,0x000000008ae80000)
 Metaspace       used 29425K, capacity 29645K, committed 30080K, reserved 1075200K
  class space    used 3621K, capacity 3698K, committed 3712K, reserved 1048576K
}

